2023-08-10 03:34:31 Loading main app package /tmp/.mount_ObsidijIRttX/resources/obsidian.asar
2023-08-10 03:34:32 Checking for update using Github
2023-08-10 03:34:33 Success.
2023-08-10 03:34:33 Latest version is 1.3.7
2023-08-10 03:34:33 App is up to date.
2023-08-10 06:04:18 Loading main app package /tmp/.mount_ObsidiPph9NL/resources/obsidian.asar
2023-08-10 06:04:19 Checking for update using Github
2023-08-10 06:04:20 Success.
2023-08-10 06:04:20 Latest version is 1.3.7
2023-08-10 06:04:20 App is up to date.
2023-08-10 06:07:13 Loading main app package /tmp/.mount_ObsidiOWE3NB/resources/obsidian.asar
2023-08-10 06:07:15 Checking for update using Github
2023-08-10 06:07:15 Success.
2023-08-10 06:07:15 Latest version is 1.3.7
2023-08-10 06:07:15 App is up to date.
2023-08-10 06:08:10 Loading main app package /tmp/.mount_ObsidiJRr9jc/resources/obsidian.asar
2023-08-10 06:08:11 Checking for update using Github
2023-08-10 06:08:11 Success.
2023-08-10 06:08:11 Latest version is 1.3.7
2023-08-10 06:08:11 App is up to date.
2023-08-10 06:10:48 Loading main app package /tmp/.mount_ObsidiQSy1xw/resources/obsidian.asar
2023-08-10 06:10:50 Checking for update using Github
2023-08-10 06:10:50 Success.
2023-08-10 06:10:50 Latest version is 1.3.7
2023-08-10 06:10:50 App is up to date.
2023-08-10 06:18:32 Loading main app package /tmp/.mount_Obsidi24JkVV/resources/obsidian.asar
2023-08-10 06:18:34 Checking for update using Github
2023-08-10 06:18:34 Success.
2023-08-10 06:18:34 Latest version is 1.3.7
2023-08-10 06:18:34 App is up to date.
2023-08-10 06:59:52 Loading main app package /tmp/.mount_obsidiS6pg4r/resources/obsidian.asar
2023-08-10 06:59:53 Checking for update using Github
2023-08-10 06:59:54 Success.
2023-08-10 06:59:54 Latest version is 1.3.7
2023-08-10 06:59:54 App is up to date.
2023-05-03 03:12:29 Loading main app package /tmp/.mount_obsidiKEHOvt/resources/obsidian.asar
2023-05-03 03:12:31 Checking for update using Github
2023-05-03 03:12:31 Success.
2023-05-03 03:12:31 Latest version is 1.3.7
2023-05-03 03:12:31 App is up to date.
2023-05-03 03:12:00 Loading main app package /tmp/.mount_obsidinmcI1I/resources/obsidian.asar
2023-05-03 03:12:02 Checking for update using Github
2023-05-03 03:12:03 Success.
2023-05-03 03:12:03 Latest version is 1.3.7
2023-05-03 03:12:03 App is up to date.
2023-05-03 03:14:16 Loading main app package /tmp/.mount_obsidiD5HNXm/resources/obsidian.asar
2023-05-03 03:14:18 Checking for update using Github
2023-05-03 03:14:18 Success.
2023-05-03 03:14:18 Latest version is 1.3.7
2023-05-03 03:14:18 App is up to date.
2023-05-03 03:19:31 Loading main app package /tmp/.mount_obsidiQtB8NC/resources/obsidian.asar
2023-05-03 03:19:33 Loading main app package /tmp/.mount_obsidi1YyXVs/resources/obsidian.asar
2023-05-03 03:19:33 Checking for update using Github
2023-05-03 03:19:33 Success.
2023-05-03 03:19:33 Latest version is 1.3.7
2023-05-03 03:19:33 App is up to date.
2023-05-03 03:19:34 Checking for update using Github
2023-05-03 03:20:23 Loading main app package /tmp/.mount_obsidi4xc6fQ/resources/obsidian.asar
2023-05-03 03:20:25 Checking for update using Github
2023-05-03 03:20:25 Success.
2023-05-03 03:20:25 Latest version is 1.3.7
2023-05-03 03:20:25 App is up to date.
2023-05-03 03:20:47 Loading main app package /tmp/.mount_obsidilLkppQ/resources/obsidian.asar
2023-05-03 03:20:49 Checking for update using Github
2023-05-03 03:20:49 Success.
2023-05-03 03:20:49 Latest version is 1.3.7
2023-05-03 03:20:49 App is up to date.
2023-05-03 03:21:13 Loading main app package /tmp/.mount_obsidijKVd0Y/resources/obsidian.asar
2023-05-03 03:21:14 Checking for update using Github
2023-05-03 03:21:14 Success.
2023-05-03 03:21:14 Latest version is 1.3.7
2023-05-03 03:21:14 App is up to date.
